{"level":"info","message":"Server running on port 3000","service":"solana-token-creator","timestamp":"2025-03-08T12:43:24.464Z"}
{"level":"info","message":"Scheduler initialized with all jobs","service":"solana-token-creator","timestamp":"2025-03-08T12:43:24.493Z"}
{"error":{"code":"28000","file":"miscinit.c","length":100,"line":"755","name":"error","routine":"InitializeSessionUserId","severity":"FATAL"},"level":"error","message":"Database error","service":"solana-token-creator","timestamp":"2025-03-08T12:43:24.501Z"}
{"error":"role \"postgres\" does not exist","level":"error","message":"Error connecting to database","service":"solana-token-creator","timestamp":"2025-03-08T12:43:24.501Z"}
{"level":"info","message":"Server running on port 3000","service":"solana-token-creator","timestamp":"2025-03-08T12:43:59.352Z"}
{"level":"info","message":"Scheduler initialized with all jobs","service":"solana-token-creator","timestamp":"2025-03-08T12:43:59.366Z"}
{"error":{"code":"28000","file":"miscinit.c","length":100,"line":"755","name":"error","routine":"InitializeSessionUserId","severity":"FATAL"},"level":"error","message":"Database error","service":"solana-token-creator","timestamp":"2025-03-08T12:43:59.369Z"}
{"error":"role \"postgres\" does not exist","level":"error","message":"Error connecting to database","service":"solana-token-creator","timestamp":"2025-03-08T12:43:59.370Z"}
{"level":"info","message":"Starting scheduled token fetch job","service":"solana-token-creator","timestamp":"2025-03-08T12:50:00.011Z"}
{"error":"failed to get transaction: Transaction version (0) is not supported by the requesting client. Please try the request again with the following configuration parameter: \"maxSupportedTransactionVersion\": 0","level":"error","message":"Error fetching recent token creations","service":"solana-token-creator","timestamp":"2025-03-08T12:50:00.618Z"}
{"error":{"code":-32015,"name":"SolanaJSONRPCError"},"level":"error","message":"Error fetching recent tokens","service":"solana-token-creator","timestamp":"2025-03-08T12:50:00.619Z"}
{"error":"failed to get transaction: Transaction version (0) is not supported by the requesting client. Please try the request again with the following configuration parameter: \"maxSupportedTransactionVersion\": 0","level":"error","message":"Error in scheduled token fetch job","service":"solana-token-creator","timestamp":"2025-03-08T12:50:00.620Z"}
{"level":"info","message":"Starting database initialization...","service":"solana-token-creator","timestamp":"2025-03-08T12:51:16.152Z"}
{"error":{"code":"28000","file":"miscinit.c","length":100,"line":"755","name":"error","routine":"InitializeSessionUserId","severity":"FATAL"},"level":"error","message":"Database error","service":"solana-token-creator","timestamp":"2025-03-08T12:51:16.169Z"}
{"level":"info","message":"Server running on port 3000","service":"solana-token-creator","timestamp":"2025-03-08T12:52:00.567Z"}
{"level":"info","message":"Scheduler initialized with all jobs","service":"solana-token-creator","timestamp":"2025-03-08T12:52:00.580Z"}
{"error":{"code":"28000","file":"miscinit.c","length":100,"line":"755","name":"error","routine":"InitializeSessionUserId","severity":"FATAL"},"level":"error","message":"Database error","service":"solana-token-creator","timestamp":"2025-03-08T12:52:00.583Z"}
{"error":"role \"postgres\" does not exist","level":"error","message":"Error connecting to database","service":"solana-token-creator","timestamp":"2025-03-08T12:52:00.584Z"}
{"level":"info","message":"Starting database initialization...","service":"solana-token-creator","timestamp":"2025-03-08T12:52:05.450Z"}
{"level":"info","message":"Database connection established successfully","service":"solana-token-creator","timestamp":"2025-03-08T12:52:05.456Z"}
{"level":"info","message":"Database initialization completed successfully","service":"solana-token-creator","timestamp":"2025-03-08T12:52:05.511Z"}
{"level":"info","message":"Starting database initialization...","service":"solana-token-creator","timestamp":"2025-03-08T12:54:43.834Z"}
{"level":"info","message":"Database connection established successfully","service":"solana-token-creator","timestamp":"2025-03-08T12:54:43.840Z"}
{"context":"-- Token Creators table\nCREATE TABLE token_creators (\n  id SERIAL PRIMARY KEY,\n  address VARCHAR(44) UNIQUE NOT NULL,\n  first_seen TIMESTAMP NOT NULL,\n  last_seen TIMESTAMP NOT NULL,\n  total_tokens_created INTEGER NOT NULL DEFAULT 0,\n  total_liquidity_usd NUMERIC(24, 6) NOT NULL DEFAULT 0,\n  current_rank INTEGER,\n  previous_rank INTEGER,\n  created_at TIMESTAMP NOT NULL DEFAULT NOW(),\n  updated_at TIMESTAMP NOT NULL DEFAULT NOW()\n);\n\n-- Tokens table\nCREATE TABLE tokens (\n  id SERIAL PRIMARY KEY,\n  mint VARCHAR(44) UNIQUE NOT NULL,\n  creator_address VARCHAR(44) NOT NULL REFERENCES token_creators(address),\n  name VARCHAR(255),\n  symbol VARCHAR(32),\n  created_at TIMESTAMP NOT NULL,\n  total_supply NUMERIC(36, 0),\n  decimals INTEGER NOT NULL,\n  total_liquidity_usd NUMERIC(24, 6) NOT NULL DEFAULT 0,\n  created_at_app TIMESTAMP NOT NULL DEFAULT NOW(),\n  updated_at TIMESTAMP NOT NULL DEFAULT NOW()\n);\n\n-- Liquidity Pools table\nCREATE TABLE liquidity_pools (\n  id SERIAL PRIMARY KEY,\n  address VARCHAR(44) UNIQUE NOT NULL,\n  token_a VARCHAR(44) NOT NULL,\n  token_b VARCHAR(44) NOT NULL,\n  amm_type VARCHAR(32) NOT NULL,\n  liquidity_usd NUMERIC(24, 6) NOT NULL DEFAULT 0,\n  volume_24h NUMERIC(24, 6) NOT NULL DEFAULT 0,\n  created_at TIMESTAMP NOT NULL DEFAULT NOW(),\n  updated_at TIMESTAMP NOT NULL DEFAULT NOW()\n);\n\n-- Token to Liquidity Pool mapping\nCREATE TABLE token_liquidity_pools (\n  id SERIAL PRIMARY KEY,\n  token_mint VARCHAR(44) NOT NULL REFERENCES tokens(mint),\n  pool_address VARCHAR(44) NOT NULL REFERENCES liquidity_pools(address),\n  UNIQUE(token_mint, pool_address)\n);\n\n-- Historical data for tracking changes\nCREATE TABLE historical_data (\n  id SERIAL PRIMARY KEY,\n  creator_address VARCHAR(44) NOT NULL REFERENCES token_creators(address),\n  rank INTEGER NOT NULL,\n  total_liquidity_usd NUMERIC(24, 6) NOT NULL,\n  timestamp TIMESTAMP NOT NULL DEFAULT NOW()\n);\n\n-- Indexes\nCREATE INDEX idx_token_creator_address ON tokens(creator_address);\nCREATE INDEX idx_token_liquidity_pools_token ON token_liquidity_pools(token_mint);\nCREATE INDEX idx_token_liquidity_pools_pool ON token_liquidity_pools(pool_address);\nCREATE INDEX idx_historical_data_creator ON historical_data(creator_address);\nCREATE INDEX idx_historical_data_timestamp ON historical_data(timestamp);\n","error":{"code":"42P07","file":"heap.c","length":108,"line":"1203","name":"error","query":"-- Token Creators table\nCREATE TABLE token_creators (\n  id SERIAL PRIMARY KEY,\n  address VARCHAR(44) UNIQUE NOT NULL,\n  first_seen TIMESTAMP NOT NULL,\n  last_seen TIMESTAMP NOT NULL,\n  total_tokens_created INTEGER NOT NULL DEFAULT 0,\n  total_liquidity_usd NUMERIC(24, 6) NOT NULL DEFAULT 0,\n  current_rank INTEGER,\n  previous_rank INTEGER,\n  created_at TIMESTAMP NOT NULL DEFAULT NOW(),\n  updated_at TIMESTAMP NOT NULL DEFAULT NOW()\n);\n\n-- Tokens table\nCREATE TABLE tokens (\n  id SERIAL PRIMARY KEY,\n  mint VARCHAR(44) UNIQUE NOT NULL,\n  creator_address VARCHAR(44) NOT NULL REFERENCES token_creators(address),\n  name VARCHAR(255),\n  symbol VARCHAR(32),\n  created_at TIMESTAMP NOT NULL,\n  total_supply NUMERIC(36, 0),\n  decimals INTEGER NOT NULL,\n  total_liquidity_usd NUMERIC(24, 6) NOT NULL DEFAULT 0,\n  created_at_app TIMESTAMP NOT NULL DEFAULT NOW(),\n  updated_at TIMESTAMP NOT NULL DEFAULT NOW()\n);\n\n-- Liquidity Pools table\nCREATE TABLE liquidity_pools (\n  id SERIAL PRIMARY KEY,\n  address VARCHAR(44) UNIQUE NOT NULL,\n  token_a VARCHAR(44) NOT NULL,\n  token_b VARCHAR(44) NOT NULL,\n  amm_type VARCHAR(32) NOT NULL,\n  liquidity_usd NUMERIC(24, 6) NOT NULL DEFAULT 0,\n  volume_24h NUMERIC(24, 6) NOT NULL DEFAULT 0,\n  created_at TIMESTAMP NOT NULL DEFAULT NOW(),\n  updated_at TIMESTAMP NOT NULL DEFAULT NOW()\n);\n\n-- Token to Liquidity Pool mapping\nCREATE TABLE token_liquidity_pools (\n  id SERIAL PRIMARY KEY,\n  token_mint VARCHAR(44) NOT NULL REFERENCES tokens(mint),\n  pool_address VARCHAR(44) NOT NULL REFERENCES liquidity_pools(address),\n  UNIQUE(token_mint, pool_address)\n);\n\n-- Historical data for tracking changes\nCREATE TABLE historical_data (\n  id SERIAL PRIMARY KEY,\n  creator_address VARCHAR(44) NOT NULL REFERENCES token_creators(address),\n  rank INTEGER NOT NULL,\n  total_liquidity_usd NUMERIC(24, 6) NOT NULL,\n  timestamp TIMESTAMP NOT NULL DEFAULT NOW()\n);\n\n-- Indexes\nCREATE INDEX idx_token_creator_address ON tokens(creator_address);\nCREATE INDEX idx_token_liquidity_pools_token ON token_liquidity_pools(token_mint);\nCREATE INDEX idx_token_liquidity_pools_pool ON token_liquidity_pools(pool_address);\nCREATE INDEX idx_historical_data_creator ON historical_data(creator_address);\nCREATE INDEX idx_historical_data_timestamp ON historical_data(timestamp);\n","routine":"heap_create_with_catalog","severity":"ERROR"},"level":"error","message":"Database error","service":"solana-token-creator","timestamp":"2025-03-08T12:54:43.843Z"}
{"level":"info","message":"Server running on port 3000","service":"solana-token-creator","timestamp":"2025-03-08T12:55:15.166Z"}
{"level":"info","message":"Scheduler initialized with all jobs","service":"solana-token-creator","timestamp":"2025-03-08T12:55:15.180Z"}
{"error":{"code":"28000","file":"miscinit.c","length":100,"line":"755","name":"error","routine":"InitializeSessionUserId","severity":"FATAL"},"level":"error","message":"Database error","service":"solana-token-creator","timestamp":"2025-03-08T12:55:15.183Z"}
{"error":"role \"postgres\" does not exist","level":"error","message":"Error connecting to database","service":"solana-token-creator","timestamp":"2025-03-08T12:55:15.183Z"}
{"level":"info","message":"Server running on port 3000","service":"solana-token-creator","timestamp":"2025-03-08T12:55:42.680Z"}
{"level":"info","message":"Scheduler initialized with all jobs","service":"solana-token-creator","timestamp":"2025-03-08T12:55:42.693Z"}
{"error":{"code":"28000","file":"miscinit.c","length":100,"line":"755","name":"error","routine":"InitializeSessionUserId","severity":"FATAL"},"level":"error","message":"Database error","service":"solana-token-creator","timestamp":"2025-03-08T12:55:42.697Z"}
{"error":"role \"postgres\" does not exist","level":"error","message":"Error connecting to database","service":"solana-token-creator","timestamp":"2025-03-08T12:55:42.697Z"}
{"level":"info","message":"Server running on port 3000","service":"solana-token-creator","timestamp":"2025-03-08T12:55:52.548Z"}
{"level":"info","message":"Scheduler initialized with all jobs","service":"solana-token-creator","timestamp":"2025-03-08T12:55:52.561Z"}
{"error":{"code":"28000","file":"miscinit.c","length":100,"line":"755","name":"error","routine":"InitializeSessionUserId","severity":"FATAL"},"level":"error","message":"Database error","service":"solana-token-creator","timestamp":"2025-03-08T12:55:52.565Z"}
{"error":"role \"postgres\" does not exist","level":"error","message":"Error connecting to database","service":"solana-token-creator","timestamp":"2025-03-08T12:55:52.565Z"}
{"level":"info","message":"Server running on port 3000","service":"solana-token-creator","timestamp":"2025-03-08T12:57:15.881Z"}
{"level":"info","message":"Scheduler initialized with all jobs","service":"solana-token-creator","timestamp":"2025-03-08T12:57:15.895Z"}
{"level":"info","message":"Database connection established successfully","service":"solana-token-creator","timestamp":"2025-03-08T12:57:15.898Z"}
